Determining if the pthread_create exist failed with the following output:
Change Dir: /home/marcos/Downloads/SEMEAR/Seguidor-de-linha-Grupo2_SEMEAR/simulação/CMakeFiles/CMakeTmp

Run Build Command:"/usr/bin/make" "cmTC_28b4b/fast"
/usr/bin/make -f CMakeFiles/cmTC_28b4b.dir/build.make CMakeFiles/cmTC_28b4b.dir/build
make[1]: Entering directory '/home/marcos/Downloads/SEMEAR/Seguidor-de-linha-Grupo2_SEMEAR/simulação/CMakeFiles/CMakeTmp'
Building C object CMakeFiles/cmTC_28b4b.dir/CheckSymbolExists.c.o
/usr/bin/cc     -o CMakeFiles/cmTC_28b4b.dir/CheckSymbolExists.c.o   -c /home/marcos/Downloads/SEMEAR/Seguidor-de-linha-Grupo2_SEMEAR/simulação/CMakeFiles/CMakeTmp/CheckSymbolExists.c
Linking C executable cmTC_28b4b
/usr/bin/cmake -E cmake_link_script CMakeFiles/cmTC_28b4b.dir/link.txt --verbose=1
/usr/bin/cc       CMakeFiles/cmTC_28b4b.dir/CheckSymbolExists.c.o  -o cmTC_28b4b -rdynamic 
CMakeFiles/cmTC_28b4b.dir/CheckSymbolExists.c.o: na função `main':
CheckSymbolExists.c:(.text+0x16): referência indefinida para `pthread_create'
collect2: error: ld returned 1 exit status
CMakeFiles/cmTC_28b4b.dir/build.make:97: recipe for target 'cmTC_28b4b' failed
make[1]: *** [cmTC_28b4b] Error 1
make[1]: Leaving directory '/home/marcos/Downloads/SEMEAR/Seguidor-de-linha-Grupo2_SEMEAR/simulação/CMakeFiles/CMakeTmp'
Makefile:126: recipe for target 'cmTC_28b4b/fast' failed
make: *** [cmTC_28b4b/fast] Error 2

File /home/marcos/Downloads/SEMEAR/Seguidor-de-linha-Grupo2_SEMEAR/simulação/CMakeFiles/CMakeTmp/CheckSymbolExists.c:
/* */
#include <pthread.h>

int main(int argc, char** argv)
{
  (void)argv;
#ifndef pthread_create
  return ((int*)(&pthread_create))[argc];
#else
  (void)argc;
  return 0;
#endif
}

Determining if the function pthread_create exists in the pthreads failed with the following output:
Change Dir: /home/marcos/Downloads/SEMEAR/Seguidor-de-linha-Grupo2_SEMEAR/simulação/CMakeFiles/CMakeTmp

Run Build Command:"/usr/bin/make" "cmTC_6ceeb/fast"
/usr/bin/make -f CMakeFiles/cmTC_6ceeb.dir/build.make CMakeFiles/cmTC_6ceeb.dir/build
make[1]: Entering directory '/home/marcos/Downloads/SEMEAR/Seguidor-de-linha-Grupo2_SEMEAR/simulação/CMakeFiles/CMakeTmp'
Building C object CMakeFiles/cmTC_6ceeb.dir/CheckFunctionExists.c.o
/usr/bin/cc    -DCHECK_FUNCTION_EXISTS=pthread_create   -o CMakeFiles/cmTC_6ceeb.dir/CheckFunctionExists.c.o   -c /usr/share/cmake-3.5/Modules/CheckFunctionExists.c
Linking C executable cmTC_6ceeb
/usr/bin/cmake -E cmake_link_script CMakeFiles/cmTC_6ceeb.dir/link.txt --verbose=1
/usr/bin/cc   -DCHECK_FUNCTION_EXISTS=pthread_create    CMakeFiles/cmTC_6ceeb.dir/CheckFunctionExists.c.o  -o cmTC_6ceeb -rdynamic -lpthreads 
/usr/bin/ld: não foi possível encontrar -lpthreads
collect2: error: ld returned 1 exit status
CMakeFiles/cmTC_6ceeb.dir/build.make:97: recipe for target 'cmTC_6ceeb' failed
make[1]: *** [cmTC_6ceeb] Error 1
make[1]: Leaving directory '/home/marcos/Downloads/SEMEAR/Seguidor-de-linha-Grupo2_SEMEAR/simulação/CMakeFiles/CMakeTmp'
Makefile:126: recipe for target 'cmTC_6ceeb/fast' failed
make: *** [cmTC_6ceeb/fast] Error 2


